Using pre-set license
Built from '2020.2/release' branch; Version is '2020.2.2f1 (068178b99f32) revision 426360'; Using compiler version '192528614'; Build Type 'Release'
OS: 'Windows 10 Home; OS build 19041.867; Version 2004; 64bit' Language: 'ru' Physical Memory: 16333 MB
BatchMode: 1, IsHumanControllingUs: 0, StartBugReporterOnCrash: 0, Is64bit: 1, IsPro: 0

 COMMAND LINE ARGUMENTS:
C:\Program Files\Unity\Hub\Editor\2020.2.2f1\Editor\Unity.exe
-adb2
-batchMode
-noUpm
-name
AssetImportWorker0
-projectPath
D:/Desktop/quiz/Quiz Game
-logFile
Logs/AssetImportWorker0.log
-srvPort
50538
Successfully changed project path to: D:/Desktop/quiz/Quiz Game
D:/Desktop/quiz/Quiz Game
Using Asset Import Pipeline V2.
Refreshing native plugins compatible for Editor in 39.07 ms, found 0 plugins.
Preloading 0 native plugins for Editor in 0.00 ms.
Initialize engine version: 2020.2.2f1 (068178b99f32)
[Subsystems] Discovering subsystems at path C:/Program Files/Unity/Hub/Editor/2020.2.2f1/Editor/Data/Resources/UnitySubsystems
[Subsystems] Discovering subsystems at path D:/Desktop/quiz/Quiz Game/Assets
GfxDevice: creating device client; threaded=0
Direct3D:
    Version:  Direct3D 11.0 [level 11.1]
    Renderer: NVIDIA GeForce GTX 1660 SUPER (ID=0x21c4)
    Vendor:   
    VRAM:     5991 MB
    Driver:   27.21.14.6192
Initialize mono
Mono path[0] = 'C:/Program Files/Unity/Hub/Editor/2020.2.2f1/Editor/Data/Managed'
Mono path[1] = 'C:/Program Files/Unity/Hub/Editor/2020.2.2f1/Editor/Data/MonoBleedingEdge/lib/mono/unityjit'
Mono config path = 'C:/Program Files/Unity/Hub/Editor/2020.2.2f1/Editor/Data/MonoBleedingEdge/etc'
Using monoOptions --debugger-agent=transport=dt_socket,embedding=1,server=y,suspend=n,address=127.0.0.1:56772
Begin MonoManager ReloadAssembly
Registering precompiled unity dll's ...
Register platform support module: C:/Program Files/Unity/Hub/Editor/2020.2.2f1/Editor/Data/PlaybackEngines/WindowsStandaloneSupport/UnityEditor.WindowsStandalone.Extensions.dll
Registered in 0.002814 seconds.
Native extension for WindowsStandalone target not found
Refreshing native plugins compatible for Editor in 34.46 ms, found 0 plugins.
Preloading 0 native plugins for Editor in 0.00 ms.
Invoked RoslynAnalysisRunner static constructor.
RoslynAnalysisRunner will not be running.
RoslynAnalysisRunner has terminated.
Mono: successfully reloaded assembly
- Completed reload, in  4.173 seconds
Platform modules already initialized, skipping
Registering precompiled user dll's ...
Registered in 0.001638 seconds.
Begin MonoManager ReloadAssembly
Native extension for WindowsStandalone target not found
Refreshing native plugins compatible for Editor in 0.58 ms, found 0 plugins.
Preloading 0 native plugins for Editor in 0.00 ms.
Invoked RoslynAnalysisRunner static constructor.
RoslynAnalysisRunner will not be running.
RoslynAnalysisRunner has terminated.
Mono: successfully reloaded assembly
- Completed reload, in  1.269 seconds
Platform modules already initialized, skipping
========================================================================
Worker process is ready to serve import requests
Launched and connected shader compiler UnityShaderCompiler.exe after 0.07 seconds
Refreshing native plugins compatible for Editor in 0.70 ms, found 0 plugins.
Preloading 0 native plugins for Editor in 0.00 ms.
Unloading 1103 Unused Serialized files (Serialized files now loaded: 0)
System memory in use before: 56.6 MB.
System memory in use after: 56.7 MB.

Unloading 9 unused Assets to reduce memory usage. Loaded Objects now: 1543.
Total: 3.638200 ms (FindLiveObjects: 0.452200 ms CreateObjectMapping: 0.061300 ms MarkObjects: 3.002100 ms  DeleteObjects: 0.120600 ms)

========================================================================
Received Import Request.
  path: Assets/Game.unity
  artifactKey: Guid(a72ad37c24902e54aba307d4b9a872a5) Importer(815301076,1909f56bfc062723c751e8b465ee728b)
Start importing Assets/Game.unity using Guid(a72ad37c24902e54aba307d4b9a872a5) Importer(815301076,1909f56bfc062723c751e8b465ee728b)  -> (artifact id: '04e59d12122866f538f6ae065d157cff') in 0.046628 seconds
  Import took 0.050326 seconds .

========================================================================
Received Import Request.
  Time since last request: 0.000547 seconds.
  path: Assets/Scripts
  artifactKey: Guid(c7ece4548397925459429c1b7cb8d879) Importer(815301076,1909f56bfc062723c751e8b465ee728b)
Start importing Assets/Scripts using Guid(c7ece4548397925459429c1b7cb8d879) Importer(815301076,1909f56bfc062723c751e8b465ee728b)  -> (artifact id: 'b4e1ef512fae127d1bdcd3ccd56eb8a9') in 0.011105 seconds
  Import took 0.049407 seconds .

========================================================================
Received Import Request.
  Time since last request: 5.883993 seconds.
  path: Assets/Animations
  artifactKey: Guid(7d10b0e5e534be044921c76c22f85d02) Importer(815301076,1909f56bfc062723c751e8b465ee728b)
Start importing Assets/Animations using Guid(7d10b0e5e534be044921c76c22f85d02) Importer(815301076,1909f56bfc062723c751e8b465ee728b)  -> (artifact id: 'a05734aa248a2a766733cd41ca69e969') in 0.005562 seconds
  Import took 0.007423 seconds .

========================================================================
Received Import Request.
  Time since last request: 3.579184 seconds.
  path: Assets/Sprites/answerBttn.png
  artifactKey: Guid(aeac0f44d44633b4792d7df6a13afba4) Importer(815301076,1909f56bfc062723c751e8b465ee728b)
Start importing Assets/Sprites/answerBttn.png using Guid(aeac0f44d44633b4792d7df6a13afba4) Importer(815301076,1909f56bfc062723c751e8b465ee728b)  -> (artifact id: 'e0ce208128a3982b1c4df804a67c23ce') in 0.144346 seconds
  Import took 0.146340 seconds .

========================================================================
Received Import Request.
  Time since last request: 0.000149 seconds.
  path: Assets/Sprites/falseABttn.png
  artifactKey: Guid(667e2d9a90daede4f8825fa2d526efbc) Importer(815301076,1909f56bfc062723c751e8b465ee728b)
Start importing Assets/Sprites/falseABttn.png using Guid(667e2d9a90daede4f8825fa2d526efbc) Importer(815301076,1909f56bfc062723c751e8b465ee728b)  -> (artifact id: '7615938096c43a48643483f2d796e622') in 0.060853 seconds
  Import took 0.062370 seconds .

========================================================================
Received Import Request.
  Time since last request: 0.000155 seconds.
  path: Assets/Sprites/timeOut.png
  artifactKey: Guid(d5c7448b0f8468348af62c2101b1820b) Importer(815301076,1909f56bfc062723c751e8b465ee728b)
Start importing Assets/Sprites/timeOut.png using Guid(d5c7448b0f8468348af62c2101b1820b) Importer(815301076,1909f56bfc062723c751e8b465ee728b)  -> (artifact id: 'af3120e73bed3f31217908244851326c') in 0.057190 seconds
  Import took 0.058698 seconds .

========================================================================
Received Import Request.
  Time since last request: 0.000156 seconds.
  path: Assets/Sprites/playBttn.png
  artifactKey: Guid(6acf864772c82f2458abb4974fd6a812) Importer(815301076,1909f56bfc062723c751e8b465ee728b)
Start importing Assets/Sprites/playBttn.png using Guid(6acf864772c82f2458abb4974fd6a812) Importer(815301076,1909f56bfc062723c751e8b465ee728b)  -> (artifact id: 'd06bb2172f0afd747ab33faaf84f6bfe') in 0.071616 seconds
  Import took 0.073466 seconds .

========================================================================
Received Import Request.
  Time since last request: 0.000130 seconds.
  path: Assets/Sprites/trueABttn.png
  artifactKey: Guid(a7a36d75cc3f21548a0f4582fe1f9256) Importer(815301076,1909f56bfc062723c751e8b465ee728b)
Start importing Assets/Sprites/trueABttn.png using Guid(a7a36d75cc3f21548a0f4582fe1f9256) Importer(815301076,1909f56bfc062723c751e8b465ee728b)  -> (artifact id: 'b9d2959f0bf19c26f81268d6d9be558e') in 0.075030 seconds
  Import took 0.076501 seconds .

========================================================================
Received Import Request.
  Time since last request: 0.000151 seconds.
  path: Assets/Sprites/editorImg.jpg
  artifactKey: Guid(7416d3f6d544bc94e988e2cb28bf7472) Importer(815301076,1909f56bfc062723c751e8b465ee728b)
Start importing Assets/Sprites/editorImg.jpg using Guid(7416d3f6d544bc94e988e2cb28bf7472) Importer(815301076,1909f56bfc062723c751e8b465ee728b)  -> (artifact id: '8fa30d73426c36e794a8b710ed5afab9') in 0.056677 seconds
  Import took 0.058327 seconds .

========================================================================
Received Import Request.
  Time since last request: 0.000167 seconds.
  path: Assets/Sprites/falseAnswer.png
  artifactKey: Guid(8f1abea2b2b33fe4abfad11856df0802) Importer(815301076,1909f56bfc062723c751e8b465ee728b)
Start importing Assets/Sprites/falseAnswer.png using Guid(8f1abea2b2b33fe4abfad11856df0802) Importer(815301076,1909f56bfc062723c751e8b465ee728b)  -> (artifact id: '7a354e7692fc9ee36a310d920dcdf60d') in 0.054869 seconds
  Import took 0.056715 seconds .

========================================================================
Received Import Request.
  Time since last request: 0.000164 seconds.
  path: Assets/Sprites/trueAnswer.png
  artifactKey: Guid(c4df30ad8541f0547b251e9c319e69eb) Importer(815301076,1909f56bfc062723c751e8b465ee728b)
Start importing Assets/Sprites/trueAnswer.png using Guid(c4df30ad8541f0547b251e9c319e69eb) Importer(815301076,1909f56bfc062723c751e8b465ee728b)  -> (artifact id: '542e6f498713f778047e71f051415178') in 0.058367 seconds
  Import took 0.060021 seconds .

========================================================================
Received Import Request.
  Time since last request: 4.000294 seconds.
  path: Assets/Scripts/AnimationEvents.cs
  artifactKey: Guid(7b72682d7da9e2c43ba2f22c38d3652a) Importer(815301076,1909f56bfc062723c751e8b465ee728b)
Start importing Assets/Scripts/AnimationEvents.cs using Guid(7b72682d7da9e2c43ba2f22c38d3652a) Importer(815301076,1909f56bfc062723c751e8b465ee728b)  -> (artifact id: '9714e26a1cdf4fa8e25a01d0bd7bc3ca') in 0.094024 seconds
  Import took 0.096021 seconds .

========================================================================
Received Import Request.
  Time since last request: 2.857709 seconds.
  path: Assets/Scripts/GameScript.cs
  artifactKey: Guid(5e6cacdefa813d14b989e3fd091db98b) Importer(815301076,1909f56bfc062723c751e8b465ee728b)
Start importing Assets/Scripts/GameScript.cs using Guid(5e6cacdefa813d14b989e3fd091db98b) Importer(815301076,1909f56bfc062723c751e8b465ee728b)  -> (artifact id: 'a4759444d6769624f9a7122d77c511b8') in 0.005718 seconds
  Import took 0.007693 seconds .

========================================================================
Received Import Request.
  Time since last request: 0.021429 seconds.
  path: Assets/Scripts/GameScript.cs
  artifactKey: Guid(5e6cacdefa813d14b989e3fd091db98b) Importer(815301076,1909f56bfc062723c751e8b465ee728b)
Start importing Assets/Scripts/GameScript.cs using Guid(5e6cacdefa813d14b989e3fd091db98b) Importer(815301076,1909f56bfc062723c751e8b465ee728b)  -> (artifact id: 'a4759444d6769624f9a7122d77c511b8') in 0.001651 seconds
  Import took 0.002910 seconds .

========================================================================
Received Import Request.
  Time since last request: 709.893012 seconds.
  path: Assets/Editor/QuizEditor.cs
  artifactKey: Guid(9a6f3f84ee6a0fc4b8ae733863d8bc81) Importer(815301076,1909f56bfc062723c751e8b465ee728b)
Start importing Assets/Editor/QuizEditor.cs using Guid(9a6f3f84ee6a0fc4b8ae733863d8bc81) Importer(815301076,1909f56bfc062723c751e8b465ee728b)  -> (artifact id: '865215762d09827d4c11ad131402a6c3') in 0.006760 seconds
  Import took 0.008651 seconds .

========================================================================
Received Prepare
Registering precompiled user dll's ...
Registered in 0.000417 seconds.
Begin MonoManager ReloadAssembly
Native extension for WindowsStandalone target not found
Refreshing native plugins compatible for Editor in 0.27 ms, found 0 plugins.
Preloading 0 native plugins for Editor in 0.00 ms.
Invoked RoslynAnalysisRunner static constructor.
RoslynAnalysisRunner will not be running.
RoslynAnalysisRunner has terminated.
Mono: successfully reloaded assembly
- Completed reload, in  0.650 seconds
Platform modules already initialized, skipping
Switching build target platform(5) subTarget(0) extendedPlatform(0) -> platform(13) subTarget(65536) extendedPlatform(0)
Refreshing native plugins compatible for Editor in 0.25 ms, found 0 plugins.
Preloading 0 native plugins for Editor in 0.00 ms.
Unloading 1100 Unused Serialized files (Serialized files now loaded: 0)
System memory in use before: 59.5 MB.
System memory in use after: 59.6 MB.

Unloading 4 unused Assets to reduce memory usage. Loaded Objects now: 1557.
Total: 2.024300 ms (FindLiveObjects: 0.179500 ms CreateObjectMapping: 0.034800 ms MarkObjects: 1.795900 ms  DeleteObjects: 0.013200 ms)

AssetImportParameters requested are different than current active one (requested -> active):
  custom:graphics/normal-map-encoding: 01000000000000000000000000000000 -> 02000000000000000000000000000000
========================================================================
Received Prepare
Registering precompiled user dll's ...
Registered in 0.000439 seconds.
Begin MonoManager ReloadAssembly
Native extension for WindowsStandalone target not found
Refreshing native plugins compatible for Editor in 0.28 ms, found 0 plugins.
Preloading 0 native plugins for Editor in 0.00 ms.
Invoked RoslynAnalysisRunner static constructor.
RoslynAnalysisRunner will not be running.
RoslynAnalysisRunner has terminated.
Mono: successfully reloaded assembly
- Completed reload, in  0.652 seconds
Platform modules already initialized, skipping
Switching build target platform(5) subTarget(0) extendedPlatform(0) -> platform(13) subTarget(65536) extendedPlatform(0)
Refreshing native plugins compatible for Editor in 0.23 ms, found 0 plugins.
Preloading 0 native plugins for Editor in 0.00 ms.
Unloading 1100 Unused Serialized files (Serialized files now loaded: 0)
System memory in use before: 59.6 MB.
System memory in use after: 59.7 MB.

Unloading 4 unused Assets to reduce memory usage. Loaded Objects now: 1559.
Total: 1.672800 ms (FindLiveObjects: 0.182700 ms CreateObjectMapping: 0.036400 ms MarkObjects: 1.442900 ms  DeleteObjects: 0.009900 ms)

AssetImportParameters requested are different than current active one (requested -> active):
  custom:graphics/normal-map-encoding: 01000000000000000000000000000000 -> 02000000000000000000000000000000
========================================================================
Received Prepare
Registering precompiled user dll's ...
Registered in 0.000632 seconds.
Begin MonoManager ReloadAssembly
Native extension for WindowsStandalone target not found
Refreshing native plugins compatible for Editor in 0.23 ms, found 0 plugins.
Preloading 0 native plugins for Editor in 0.00 ms.
Invoked RoslynAnalysisRunner static constructor.
RoslynAnalysisRunner will not be running.
RoslynAnalysisRunner has terminated.
Mono: successfully reloaded assembly
- Completed reload, in  0.643 seconds
Platform modules already initialized, skipping
Switching build target platform(5) subTarget(0) extendedPlatform(0) -> platform(13) subTarget(65536) extendedPlatform(0)
Refreshing native plugins compatible for Editor in 0.23 ms, found 0 plugins.
Preloading 0 native plugins for Editor in 0.00 ms.
Unloading 1100 Unused Serialized files (Serialized files now loaded: 0)
System memory in use before: 59.7 MB.
System memory in use after: 59.8 MB.

Unloading 4 unused Assets to reduce memory usage. Loaded Objects now: 1561.
Total: 1.695300 ms (FindLiveObjects: 0.186400 ms CreateObjectMapping: 0.035800 ms MarkObjects: 1.462100 ms  DeleteObjects: 0.010100 ms)

AssetImportParameters requested are different than current active one (requested -> active):
  custom:graphics/normal-map-encoding: 01000000000000000000000000000000 -> 02000000000000000000000000000000
========================================================================
Received Prepare
Registering precompiled user dll's ...
Registered in 0.000436 seconds.
Begin MonoManager ReloadAssembly
Native extension for WindowsStandalone target not found
Refreshing native plugins compatible for Editor in 0.23 ms, found 0 plugins.
Preloading 0 native plugins for Editor in 0.00 ms.
Invoked RoslynAnalysisRunner static constructor.
RoslynAnalysisRunner will not be running.
RoslynAnalysisRunner has terminated.
Mono: successfully reloaded assembly
- Completed reload, in  0.644 seconds
Platform modules already initialized, skipping
Switching build target platform(5) subTarget(0) extendedPlatform(0) -> platform(13) subTarget(65536) extendedPlatform(0)
Refreshing native plugins compatible for Editor in 0.14 ms, found 0 plugins.
Preloading 0 native plugins for Editor in 0.00 ms.
Unloading 1100 Unused Serialized files (Serialized files now loaded: 0)
System memory in use before: 59.7 MB.
System memory in use after: 59.8 MB.

Unloading 4 unused Assets to reduce memory usage. Loaded Objects now: 1563.
Total: 1.670500 ms (FindLiveObjects: 0.261300 ms CreateObjectMapping: 0.038000 ms MarkObjects: 1.360000 ms  DeleteObjects: 0.010100 ms)

AssetImportParameters requested are different than current active one (requested -> active):
  custom:graphics/normal-map-encoding: 01000000000000000000000000000000 -> 02000000000000000000000000000000
========================================================================
Received Prepare
Registering precompiled user dll's ...
Registered in 0.000570 seconds.
Begin MonoManager ReloadAssembly
Native extension for WindowsStandalone target not found
Refreshing native plugins compatible for Editor in 0.23 ms, found 0 plugins.
Preloading 0 native plugins for Editor in 0.00 ms.
Invoked RoslynAnalysisRunner static constructor.
RoslynAnalysisRunner will not be running.
RoslynAnalysisRunner has terminated.
Mono: successfully reloaded assembly
- Completed reload, in  0.640 seconds
Platform modules already initialized, skipping
Switching build target platform(5) subTarget(0) extendedPlatform(0) -> platform(13) subTarget(65536) extendedPlatform(0)
Refreshing native plugins compatible for Editor in 0.23 ms, found 0 plugins.
Preloading 0 native plugins for Editor in 0.00 ms.
Unloading 1100 Unused Serialized files (Serialized files now loaded: 0)
System memory in use before: 59.8 MB.
System memory in use after: 59.9 MB.

Unloading 4 unused Assets to reduce memory usage. Loaded Objects now: 1565.
Total: 1.822300 ms (FindLiveObjects: 0.220400 ms CreateObjectMapping: 0.036900 ms MarkObjects: 1.552100 ms  DeleteObjects: 0.012200 ms)

AssetImportParameters requested are different than current active one (requested -> active):
  custom:graphics/normal-map-encoding: 01000000000000000000000000000000 -> 02000000000000000000000000000000
========================================================================
Received Prepare
Registering precompiled user dll's ...
Registered in 0.000454 seconds.
Begin MonoManager ReloadAssembly
Native extension for WindowsStandalone target not found
Refreshing native plugins compatible for Editor in 0.26 ms, found 0 plugins.
Preloading 0 native plugins for Editor in 0.00 ms.
Invoked RoslynAnalysisRunner static constructor.
RoslynAnalysisRunner will not be running.
RoslynAnalysisRunner has terminated.
Mono: successfully reloaded assembly
- Completed reload, in  0.664 seconds
Platform modules already initialized, skipping
Switching build target platform(5) subTarget(0) extendedPlatform(0) -> platform(13) subTarget(65536) extendedPlatform(0)
Refreshing native plugins compatible for Editor in 0.29 ms, found 0 plugins.
Preloading 0 native plugins for Editor in 0.00 ms.
Unloading 1100 Unused Serialized files (Serialized files now loaded: 0)
System memory in use before: 59.8 MB.
System memory in use after: 59.9 MB.

Unloading 4 unused Assets to reduce memory usage. Loaded Objects now: 1567.
Total: 1.772400 ms (FindLiveObjects: 0.178300 ms CreateObjectMapping: 0.036500 ms MarkObjects: 1.542800 ms  DeleteObjects: 0.013900 ms)

AssetImportParameters requested are different than current active one (requested -> active):
  custom:graphics/normal-map-encoding: 01000000000000000000000000000000 -> 02000000000000000000000000000000
========================================================================
Received Prepare
Registering precompiled user dll's ...
Registered in 0.000597 seconds.
Begin MonoManager ReloadAssembly
Native extension for WindowsStandalone target not found
Refreshing native plugins compatible for Editor in 0.24 ms, found 0 plugins.
Preloading 0 native plugins for Editor in 0.00 ms.
Invoked RoslynAnalysisRunner static constructor.
RoslynAnalysisRunner will not be running.
RoslynAnalysisRunner has terminated.
Mono: successfully reloaded assembly
- Completed reload, in  0.677 seconds
Platform modules already initialized, skipping
Switching build target platform(5) subTarget(0) extendedPlatform(0) -> platform(13) subTarget(65536) extendedPlatform(0)
Refreshing native plugins compatible for Editor in 0.24 ms, found 0 plugins.
Preloading 0 native plugins for Editor in 0.00 ms.
Unloading 1100 Unused Serialized files (Serialized files now loaded: 0)
System memory in use before: 59.9 MB.
System memory in use after: 60.0 MB.

Unloading 4 unused Assets to reduce memory usage. Loaded Objects now: 1569.
Total: 1.663300 ms (FindLiveObjects: 0.190600 ms CreateObjectMapping: 0.038500 ms MarkObjects: 1.421600 ms  DeleteObjects: 0.011100 ms)

AssetImportParameters requested are different than current active one (requested -> active):
  custom:graphics/normal-map-encoding: 01000000000000000000000000000000 -> 02000000000000000000000000000000
========================================================================
Received Prepare
Registering precompiled user dll's ...
Registered in 0.000475 seconds.
Begin MonoManager ReloadAssembly
Native extension for WindowsStandalone target not found
Refreshing native plugins compatible for Editor in 0.25 ms, found 0 plugins.
Preloading 0 native plugins for Editor in 0.00 ms.
Invoked RoslynAnalysisRunner static constructor.
RoslynAnalysisRunner will not be running.
RoslynAnalysisRunner has terminated.
Mono: successfully reloaded assembly
- Completed reload, in  0.685 seconds
Platform modules already initialized, skipping
Switching build target platform(5) subTarget(0) extendedPlatform(0) -> platform(13) subTarget(65536) extendedPlatform(0)
Refreshing native plugins compatible for Editor in 0.25 ms, found 0 plugins.
Preloading 0 native plugins for Editor in 0.00 ms.
Unloading 1100 Unused Serialized files (Serialized files now loaded: 0)
System memory in use before: 59.9 MB.
System memory in use after: 60.0 MB.

Unloading 4 unused Assets to reduce memory usage. Loaded Objects now: 1571.
Total: 1.946400 ms (FindLiveObjects: 0.185500 ms CreateObjectMapping: 0.036700 ms MarkObjects: 1.712100 ms  DeleteObjects: 0.010900 ms)

AssetImportParameters requested are different than current active one (requested -> active):
  custom:graphics/normal-map-encoding: 01000000000000000000000000000000 -> 02000000000000000000000000000000
========================================================================
Received Prepare
Registering precompiled user dll's ...
Registered in 0.000433 seconds.
Begin MonoManager ReloadAssembly
Native extension for WindowsStandalone target not found
Refreshing native plugins compatible for Editor in 0.24 ms, found 0 plugins.
Preloading 0 native plugins for Editor in 0.00 ms.
Invoked RoslynAnalysisRunner static constructor.
RoslynAnalysisRunner will not be running.
RoslynAnalysisRunner has terminated.
Mono: successfully reloaded assembly
- Completed reload, in  0.686 seconds
Platform modules already initialized, skipping
Switching build target platform(5) subTarget(0) extendedPlatform(0) -> platform(13) subTarget(65536) extendedPlatform(0)
Refreshing native plugins compatible for Editor in 0.24 ms, found 0 plugins.
Preloading 0 native plugins for Editor in 0.00 ms.
Unloading 1100 Unused Serialized files (Serialized files now loaded: 0)
System memory in use before: 59.9 MB.
System memory in use after: 60.0 MB.

Unloading 4 unused Assets to reduce memory usage. Loaded Objects now: 1573.
Total: 1.978300 ms (FindLiveObjects: 0.293000 ms CreateObjectMapping: 0.038200 ms MarkObjects: 1.634000 ms  DeleteObjects: 0.011800 ms)

AssetImportParameters requested are different than current active one (requested -> active):
  custom:graphics/normal-map-encoding: 01000000000000000000000000000000 -> 02000000000000000000000000000000
========================================================================
Received Prepare
Registering precompiled user dll's ...
Registered in 0.000438 seconds.
Begin MonoManager ReloadAssembly
Native extension for WindowsStandalone target not found
Refreshing native plugins compatible for Editor in 0.28 ms, found 0 plugins.
Preloading 0 native plugins for Editor in 0.00 ms.
Invoked RoslynAnalysisRunner static constructor.
RoslynAnalysisRunner will not be running.
RoslynAnalysisRunner has terminated.
Mono: successfully reloaded assembly
- Completed reload, in  0.696 seconds
Platform modules already initialized, skipping
Switching build target platform(5) subTarget(0) extendedPlatform(0) -> platform(13) subTarget(65536) extendedPlatform(0)
Refreshing native plugins compatible for Editor in 0.24 ms, found 0 plugins.
Preloading 0 native plugins for Editor in 0.00 ms.
Unloading 1100 Unused Serialized files (Serialized files now loaded: 0)
System memory in use before: 60.0 MB.
System memory in use after: 60.1 MB.

Unloading 4 unused Assets to reduce memory usage. Loaded Objects now: 1575.
Total: 1.850800 ms (FindLiveObjects: 0.177500 ms CreateObjectMapping: 0.036400 ms MarkObjects: 1.625200 ms  DeleteObjects: 0.010700 ms)

AssetImportParameters requested are different than current active one (requested -> active):
  custom:graphics/normal-map-encoding: 01000000000000000000000000000000 -> 02000000000000000000000000000000
========================================================================
Received Prepare
Registering precompiled user dll's ...
Registered in 0.000438 seconds.
Begin MonoManager ReloadAssembly
Native extension for WindowsStandalone target not found
Refreshing native plugins compatible for Editor in 0.23 ms, found 0 plugins.
Preloading 0 native plugins for Editor in 0.00 ms.
Invoked RoslynAnalysisRunner static constructor.
RoslynAnalysisRunner will not be running.
RoslynAnalysisRunner has terminated.
Mono: successfully reloaded assembly
- Completed reload, in  0.655 seconds
Platform modules already initialized, skipping
Switching build target platform(5) subTarget(0) extendedPlatform(0) -> platform(13) subTarget(65536) extendedPlatform(0)
Refreshing native plugins compatible for Editor in 0.19 ms, found 0 plugins.
Preloading 0 native plugins for Editor in 0.00 ms.
Unloading 1100 Unused Serialized files (Serialized files now loaded: 0)
System memory in use before: 60.0 MB.
System memory in use after: 60.1 MB.

Unloading 4 unused Assets to reduce memory usage. Loaded Objects now: 1577.
Total: 1.642500 ms (FindLiveObjects: 0.188700 ms CreateObjectMapping: 0.034600 ms MarkObjects: 1.405700 ms  DeleteObjects: 0.012400 ms)

AssetImportParameters requested are different than current active one (requested -> active):
  custom:graphics/normal-map-encoding: 01000000000000000000000000000000 -> 02000000000000000000000000000000
========================================================================
Received Import Request.
  Time since last request: 1025.162676 seconds.
  path: Assets/Sprites/playBttn.png
  artifactKey: Guid(6acf864772c82f2458abb4974fd6a812) Importer(815301076,1909f56bfc062723c751e8b465ee728b)
Start importing Assets/Sprites/playBttn.png using Guid(6acf864772c82f2458abb4974fd6a812) Importer(815301076,1909f56bfc062723c751e8b465ee728b)  -> (artifact id: 'f70e64319d95216ea3f7b1de0ee5a5fd') in 0.045364 seconds
  Import took 0.047490 seconds .

========================================================================
Received Import Request.
  Time since last request: 0.000163 seconds.
  path: Assets/Sprites/playBttn1.png
  artifactKey: Guid(2df5bc8047930f74fb4e30510641fcde) Importer(815301076,1909f56bfc062723c751e8b465ee728b)
Start importing Assets/Sprites/playBttn1.png using Guid(2df5bc8047930f74fb4e30510641fcde) Importer(815301076,1909f56bfc062723c751e8b465ee728b)  -> (artifact id: '16502d838ddbfabf824c7fa0d83cca98') in 0.016686 seconds
  Import took 0.018562 seconds .

========================================================================
Received Prepare
Registering precompiled user dll's ...
Registered in 0.000592 seconds.
Begin MonoManager ReloadAssembly
Native extension for WindowsStandalone target not found
Refreshing native plugins compatible for Editor in 0.25 ms, found 0 plugins.
Preloading 0 native plugins for Editor in 0.00 ms.
Invoked RoslynAnalysisRunner static constructor.
RoslynAnalysisRunner will not be running.
RoslynAnalysisRunner has terminated.
Mono: successfully reloaded assembly
- Completed reload, in  0.711 seconds
Platform modules already initialized, skipping
Switching build target platform(5) subTarget(0) extendedPlatform(0) -> platform(13) subTarget(65536) extendedPlatform(0)
Refreshing native plugins compatible for Editor in 0.25 ms, found 0 plugins.
Preloading 0 native plugins for Editor in 0.00 ms.
Unloading 1100 Unused Serialized files (Serialized files now loaded: 0)
System memory in use before: 60.1 MB.
System memory in use after: 60.2 MB.

Unloading 4 unused Assets to reduce memory usage. Loaded Objects now: 1582.
Total: 1.717100 ms (FindLiveObjects: 0.189700 ms CreateObjectMapping: 0.034700 ms MarkObjects: 1.480200 ms  DeleteObjects: 0.011700 ms)

AssetImportParameters requested are different than current active one (requested -> active):
  custom:graphics/normal-map-encoding: 01000000000000000000000000000000 -> 02000000000000000000000000000000
========================================================================
Received Import Request.
  Time since last request: 202.644507 seconds.
  path: Assets/Sprites/playBttn.png
  artifactKey: Guid(6acf864772c82f2458abb4974fd6a812) Importer(815301076,1909f56bfc062723c751e8b465ee728b)
Start importing Assets/Sprites/playBttn.png using Guid(6acf864772c82f2458abb4974fd6a812) Importer(815301076,1909f56bfc062723c751e8b465ee728b)  -> (artifact id: '723eaeba07360f2e3f06ec25da37d4d8') in 0.046531 seconds
  Import took 0.048602 seconds .

========================================================================
Received Import Request.
  Time since last request: 35.233799 seconds.
  path: Assets/Sprites/playBttn.png
  artifactKey: Guid(6acf864772c82f2458abb4974fd6a812) Importer(815301076,1909f56bfc062723c751e8b465ee728b)
Start importing Assets/Sprites/playBttn.png using Guid(6acf864772c82f2458abb4974fd6a812) Importer(815301076,1909f56bfc062723c751e8b465ee728b)  -> (artifact id: 'fd25bb1556a6f4a6ab2c5e0642658259') in 0.012037 seconds
  Import took 0.013992 seconds .

========================================================================
Received Import Request.
  Time since last request: 27.327772 seconds.
  path: Assets/Sprites/playBttn.png
  artifactKey: Guid(6acf864772c82f2458abb4974fd6a812) Importer(815301076,1909f56bfc062723c751e8b465ee728b)
Start importing Assets/Sprites/playBttn.png using Guid(6acf864772c82f2458abb4974fd6a812) Importer(815301076,1909f56bfc062723c751e8b465ee728b)  -> (artifact id: '0a6951257a6ca9290665a8e7ca47e5bb') in 0.014523 seconds
  Import took 0.016491 seconds .

========================================================================
Received Import Request.
  Time since last request: 77.654048 seconds.
  path: Assets/Sprites/playBttn.png
  artifactKey: Guid(6acf864772c82f2458abb4974fd6a812) Importer(815301076,1909f56bfc062723c751e8b465ee728b)
Start importing Assets/Sprites/playBttn.png using Guid(6acf864772c82f2458abb4974fd6a812) Importer(815301076,1909f56bfc062723c751e8b465ee728b)  -> (artifact id: '5e871010cab93fb2946903b2d5a959d3') in 0.012847 seconds
  Import took 0.014818 seconds .

========================================================================
Received Prepare
Registering precompiled user dll's ...
Registered in 0.000505 seconds.
Begin MonoManager ReloadAssembly
Native extension for WindowsStandalone target not found
Refreshing native plugins compatible for Editor in 0.27 ms, found 0 plugins.
Preloading 0 native plugins for Editor in 0.00 ms.
Invoked RoslynAnalysisRunner static constructor.
RoslynAnalysisRunner will not be running.
RoslynAnalysisRunner has terminated.
Mono: successfully reloaded assembly
- Completed reload, in  0.672 seconds
Platform modules already initialized, skipping
Switching build target platform(5) subTarget(0) extendedPlatform(0) -> platform(13) subTarget(65536) extendedPlatform(0)
Refreshing native plugins compatible for Editor in 0.24 ms, found 0 plugins.
Preloading 0 native plugins for Editor in 0.00 ms.
Unloading 1100 Unused Serialized files (Serialized files now loaded: 0)
System memory in use before: 60.1 MB.
System memory in use after: 60.2 MB.

Unloading 4 unused Assets to reduce memory usage. Loaded Objects now: 1585.
Total: 1.799500 ms (FindLiveObjects: 0.189400 ms CreateObjectMapping: 0.037400 ms MarkObjects: 1.555900 ms  DeleteObjects: 0.015800 ms)

AssetImportParameters requested are different than current active one (requested -> active):
  custom:graphics/normal-map-encoding: 01000000000000000000000000000000 -> 02000000000000000000000000000000
========================================================================
Received Import Request.
  Time since last request: 390.240299 seconds.
  path: Assets/Sprites/answerBttn.png
  artifactKey: Guid(aeac0f44d44633b4792d7df6a13afba4) Importer(815301076,1909f56bfc062723c751e8b465ee728b)
Start importing Assets/Sprites/answerBttn.png using Guid(aeac0f44d44633b4792d7df6a13afba4) Importer(815301076,1909f56bfc062723c751e8b465ee728b)  -> (artifact id: '3fdfb726944e197f88566953aad15b78') in 0.044674 seconds
  Import took 0.046738 seconds .

========================================================================
Received Prepare
Registering precompiled user dll's ...
Registered in 0.000396 seconds.
Begin MonoManager ReloadAssembly
Native extension for WindowsStandalone target not found
Refreshing native plugins compatible for Editor in 0.25 ms, found 0 plugins.
Preloading 0 native plugins for Editor in 0.00 ms.
Invoked RoslynAnalysisRunner static constructor.
RoslynAnalysisRunner will not be running.
RoslynAnalysisRunner has terminated.
Mono: successfully reloaded assembly
- Completed reload, in  0.671 seconds
Platform modules already initialized, skipping
Switching build target platform(5) subTarget(0) extendedPlatform(0) -> platform(13) subTarget(65536) extendedPlatform(0)
Refreshing native plugins compatible for Editor in 0.19 ms, found 0 plugins.
Preloading 0 native plugins for Editor in 0.00 ms.
Unloading 1100 Unused Serialized files (Serialized files now loaded: 0)
System memory in use before: 60.2 MB.
System memory in use after: 60.3 MB.

Unloading 4 unused Assets to reduce memory usage. Loaded Objects now: 1588.
Total: 1.677200 ms (FindLiveObjects: 0.188600 ms CreateObjectMapping: 0.034300 ms MarkObjects: 1.442900 ms  DeleteObjects: 0.010400 ms)

AssetImportParameters requested are different than current active one (requested -> active):
  custom:graphics/normal-map-encoding: 01000000000000000000000000000000 -> 02000000000000000000000000000000
========================================================================
Received Prepare
Registering precompiled user dll's ...
Registered in 0.000462 seconds.
Begin MonoManager ReloadAssembly
Native extension for WindowsStandalone target not found
Refreshing native plugins compatible for Editor in 0.23 ms, found 0 plugins.
Preloading 0 native plugins for Editor in 0.00 ms.
Invoked RoslynAnalysisRunner static constructor.
RoslynAnalysisRunner will not be running.
RoslynAnalysisRunner has terminated.
Mono: successfully reloaded assembly
- Completed reload, in  0.694 seconds
Platform modules already initialized, skipping
Switching build target platform(5) subTarget(0) extendedPlatform(0) -> platform(13) subTarget(65536) extendedPlatform(0)
Refreshing native plugins compatible for Editor in 0.22 ms, found 0 plugins.
Preloading 0 native plugins for Editor in 0.00 ms.
Unloading 1100 Unused Serialized files (Serialized files now loaded: 0)
System memory in use before: 60.2 MB.
System memory in use after: 60.3 MB.

Unloading 4 unused Assets to reduce memory usage. Loaded Objects now: 1590.
Total: 1.873900 ms (FindLiveObjects: 0.259000 ms CreateObjectMapping: 0.037200 ms MarkObjects: 1.560500 ms  DeleteObjects: 0.016200 ms)

AssetImportParameters requested are different than current active one (requested -> active):
  custom:graphics/normal-map-encoding: 01000000000000000000000000000000 -> 02000000000000000000000000000000
========================================================================
Received Prepare
Registering precompiled user dll's ...
Registered in 0.026087 seconds.
Begin MonoManager ReloadAssembly
Native extension for WindowsStandalone target not found
Refreshing native plugins compatible for Editor in 0.24 ms, found 0 plugins.
Preloading 0 native plugins for Editor in 0.00 ms.
Invoked RoslynAnalysisRunner static constructor.
RoslynAnalysisRunner will not be running.
RoslynAnalysisRunner has terminated.
Mono: successfully reloaded assembly
- Completed reload, in  1.434 seconds
Platform modules already initialized, skipping
Switching build target platform(5) subTarget(0) extendedPlatform(0) -> platform(13) subTarget(65536) extendedPlatform(0)
Refreshing native plugins compatible for Editor in 0.23 ms, found 0 plugins.
Preloading 0 native plugins for Editor in 0.00 ms.
Unloading 1100 Unused Serialized files (Serialized files now loaded: 0)
System memory in use before: 60.3 MB.
System memory in use after: 60.4 MB.

Unloading 4 unused Assets to reduce memory usage. Loaded Objects now: 1592.
Total: 1.796000 ms (FindLiveObjects: 0.162200 ms CreateObjectMapping: 0.038600 ms MarkObjects: 1.583200 ms  DeleteObjects: 0.011200 ms)

AssetImportParameters requested are different than current active one (requested -> active):
  custom:graphics/normal-map-encoding: 01000000000000000000000000000000 -> 02000000000000000000000000000000
========================================================================
Received Prepare
Registering precompiled user dll's ...
Registered in 0.000421 seconds.
Begin MonoManager ReloadAssembly
Native extension for WindowsStandalone target not found
Refreshing native plugins compatible for Editor in 0.24 ms, found 0 plugins.
Preloading 0 native plugins for Editor in 0.00 ms.
Invoked RoslynAnalysisRunner static constructor.
RoslynAnalysisRunner will not be running.
RoslynAnalysisRunner has terminated.
Mono: successfully reloaded assembly
- Completed reload, in  0.635 seconds
Platform modules already initialized, skipping
Refreshing native plugins compatible for Editor in 0.13 ms, found 0 plugins.
Preloading 0 native plugins for Editor in 0.00 ms.
Unloading 1096 Unused Serialized files (Serialized files now loaded: 0)
System memory in use before: 60.3 MB.
System memory in use after: 60.4 MB.

Unloading 4 unused Assets to reduce memory usage. Loaded Objects now: 1594.
Total: 1.724100 ms (FindLiveObjects: 0.221900 ms CreateObjectMapping: 0.047800 ms MarkObjects: 1.442700 ms  DeleteObjects: 0.010900 ms)

========================================================================
Received Prepare
Registering precompiled user dll's ...
Registered in 0.000434 seconds.
Begin MonoManager ReloadAssembly
Native extension for WindowsStandalone target not found
Refreshing native plugins compatible for Editor in 0.29 ms, found 0 plugins.
Preloading 0 native plugins for Editor in 0.00 ms.
Invoked RoslynAnalysisRunner static constructor.
RoslynAnalysisRunner will not be running.
RoslynAnalysisRunner has terminated.
Mono: successfully reloaded assembly
- Completed reload, in  0.725 seconds
Platform modules already initialized, skipping
Switching build target platform(5) subTarget(0) extendedPlatform(0) -> platform(13) subTarget(65536) extendedPlatform(0)
Refreshing native plugins compatible for Editor in 0.24 ms, found 0 plugins.
Preloading 0 native plugins for Editor in 0.00 ms.
Unloading 1100 Unused Serialized files (Serialized files now loaded: 0)
System memory in use before: 60.4 MB.
System memory in use after: 60.5 MB.

Unloading 4 unused Assets to reduce memory usage. Loaded Objects now: 1596.
Total: 1.676400 ms (FindLiveObjects: 0.177800 ms CreateObjectMapping: 0.035800 ms MarkObjects: 1.451100 ms  DeleteObjects: 0.010400 ms)

AssetImportParameters requested are different than current active one (requested -> active):
  custom:graphics/normal-map-encoding: 01000000000000000000000000000000 -> 02000000000000000000000000000000
========================================================================
Received Prepare
Registering precompiled user dll's ...
Registered in 0.000423 seconds.
Begin MonoManager ReloadAssembly
Native extension for WindowsStandalone target not found
Refreshing native plugins compatible for Editor in 0.24 ms, found 0 plugins.
Preloading 0 native plugins for Editor in 0.00 ms.
Invoked RoslynAnalysisRunner static constructor.
RoslynAnalysisRunner will not be running.
RoslynAnalysisRunner has terminated.
Mono: successfully reloaded assembly
- Completed reload, in  0.694 seconds
Platform modules already initialized, skipping
Switching build target platform(5) subTarget(0) extendedPlatform(0) -> platform(13) subTarget(65536) extendedPlatform(0)
Refreshing native plugins compatible for Editor in 0.23 ms, found 0 plugins.
Preloading 0 native plugins for Editor in 0.00 ms.
Unloading 1100 Unused Serialized files (Serialized files now loaded: 0)
System memory in use before: 60.4 MB.
System memory in use after: 60.5 MB.

Unloading 4 unused Assets to reduce memory usage. Loaded Objects now: 1598.
Total: 2.000800 ms (FindLiveObjects: 0.204000 ms CreateObjectMapping: 0.037500 ms MarkObjects: 1.745900 ms  DeleteObjects: 0.012400 ms)

AssetImportParameters requested are different than current active one (requested -> active):
  custom:graphics/normal-map-encoding: 01000000000000000000000000000000 -> 02000000000000000000000000000000
========================================================================
Received Prepare
Refreshing native plugins compatible for Editor in 0.68 ms, found 0 plugins.
Preloading 0 native plugins for Editor in 0.00 ms.
Unloading 3 Unused Serialized files (Serialized files now loaded: 0)
System memory in use before: 39.1 MB.
System memory in use after: 39.2 MB.

Unloading 2 unused Assets to reduce memory usage. Loaded Objects now: 1598.
Total: 1.632800 ms (FindLiveObjects: 0.183800 ms CreateObjectMapping: 0.035700 ms MarkObjects: 1.402100 ms  DeleteObjects: 0.010500 ms)

========================================================================
Received Prepare
Registering precompiled user dll's ...
Registered in 0.000425 seconds.
Begin MonoManager ReloadAssembly
Native extension for WindowsStandalone target not found
Refreshing native plugins compatible for Editor in 0.24 ms, found 0 plugins.
Preloading 0 native plugins for Editor in 0.00 ms.
Invoked RoslynAnalysisRunner static constructor.
RoslynAnalysisRunner will not be running.
RoslynAnalysisRunner has terminated.
Mono: successfully reloaded assembly
- Completed reload, in  0.707 seconds
Platform modules already initialized, skipping
Switching build target platform(5) subTarget(0) extendedPlatform(0) -> platform(13) subTarget(65536) extendedPlatform(0)
Refreshing native plugins compatible for Editor in 0.26 ms, found 0 plugins.
Preloading 0 native plugins for Editor in 0.00 ms.
Unloading 1100 Unused Serialized files (Serialized files now loaded: 0)
System memory in use before: 60.5 MB.
System memory in use after: 60.6 MB.

Unloading 4 unused Assets to reduce memory usage. Loaded Objects now: 1600.
Total: 1.807000 ms (FindLiveObjects: 0.188500 ms CreateObjectMapping: 0.036100 ms MarkObjects: 1.569200 ms  DeleteObjects: 0.012300 ms)

AssetImportParameters requested are different than current active one (requested -> active):
  custom:graphics/normal-map-encoding: 01000000000000000000000000000000 -> 02000000000000000000000000000000
========================================================================
Received Prepare
Registering precompiled user dll's ...
Registered in 0.000448 seconds.
Begin MonoManager ReloadAssembly
Native extension for WindowsStandalone target not found
Refreshing native plugins compatible for Editor in 0.25 ms, found 0 plugins.
Preloading 0 native plugins for Editor in 0.00 ms.
Invoked RoslynAnalysisRunner static constructor.
RoslynAnalysisRunner will not be running.
RoslynAnalysisRunner has terminated.
Mono: successfully reloaded assembly
- Completed reload, in  0.721 seconds
Platform modules already initialized, skipping
Switching build target platform(5) subTarget(0) extendedPlatform(0) -> platform(13) subTarget(65536) extendedPlatform(0)
Refreshing native plugins compatible for Editor in 0.21 ms, found 0 plugins.
Preloading 0 native plugins for Editor in 0.00 ms.
Unloading 1100 Unused Serialized files (Serialized files now loaded: 0)
System memory in use before: 60.6 MB.
System memory in use after: 60.7 MB.

Unloading 4 unused Assets to reduce memory usage. Loaded Objects now: 1602.
Total: 1.895800 ms (FindLiveObjects: 0.278800 ms CreateObjectMapping: 0.035800 ms MarkObjects: 1.564400 ms  DeleteObjects: 0.015600 ms)

AssetImportParameters requested are different than current active one (requested -> active):
  custom:graphics/normal-map-encoding: 01000000000000000000000000000000 -> 02000000000000000000000000000000
========================================================================
Received Prepare
Registering precompiled user dll's ...
Registered in 0.000426 seconds.
Begin MonoManager ReloadAssembly
Native extension for WindowsStandalone target not found
Refreshing native plugins compatible for Editor in 0.23 ms, found 0 plugins.
Preloading 0 native plugins for Editor in 0.00 ms.
Invoked RoslynAnalysisRunner static constructor.
RoslynAnalysisRunner will not be running.
RoslynAnalysisRunner has terminated.
Mono: successfully reloaded assembly
- Completed reload, in  0.716 seconds
Platform modules already initialized, skipping
Switching build target platform(5) subTarget(0) extendedPlatform(0) -> platform(13) subTarget(65536) extendedPlatform(0)
Refreshing native plugins compatible for Editor in 0.18 ms, found 0 plugins.
Preloading 0 native plugins for Editor in 0.00 ms.
Unloading 1100 Unused Serialized files (Serialized files now loaded: 0)
System memory in use before: 60.6 MB.
System memory in use after: 60.7 MB.

Unloading 4 unused Assets to reduce memory usage. Loaded Objects now: 1604.
Total: 1.871100 ms (FindLiveObjects: 0.190500 ms CreateObjectMapping: 0.037600 ms MarkObjects: 1.630100 ms  DeleteObjects: 0.012000 ms)

AssetImportParameters requested are different than current active one (requested -> active):
  custom:graphics/normal-map-encoding: 01000000000000000000000000000000 -> 02000000000000000000000000000000
========================================================================
Received Prepare
Registering precompiled user dll's ...
Registered in 0.000592 seconds.
Begin MonoManager ReloadAssembly
Native extension for WindowsStandalone target not found
Refreshing native plugins compatible for Editor in 0.26 ms, found 0 plugins.
Preloading 0 native plugins for Editor in 0.00 ms.
Invoked RoslynAnalysisRunner static constructor.
RoslynAnalysisRunner will not be running.
RoslynAnalysisRunner has terminated.
Mono: successfully reloaded assembly
- Completed reload, in  0.722 seconds
Platform modules already initialized, skipping
Switching build target platform(5) subTarget(0) extendedPlatform(0) -> platform(13) subTarget(65536) extendedPlatform(0)
Refreshing native plugins compatible for Editor in 0.17 ms, found 0 plugins.
Preloading 0 native plugins for Editor in 0.00 ms.
Unloading 1100 Unused Serialized files (Serialized files now loaded: 0)
System memory in use before: 60.7 MB.
System memory in use after: 60.8 MB.

Unloading 4 unused Assets to reduce memory usage. Loaded Objects now: 1606.
Total: 1.736400 ms (FindLiveObjects: 0.164700 ms CreateObjectMapping: 0.034500 ms MarkObjects: 1.524100 ms  DeleteObjects: 0.012200 ms)

AssetImportParameters requested are different than current active one (requested -> active):
  custom:graphics/normal-map-encoding: 01000000000000000000000000000000 -> 02000000000000000000000000000000
========================================================================
Received Import Request.
  Time since last request: 6281.759722 seconds.
  path: Assets/Fonts/EfMxTBGk.ttf
  artifactKey: Guid(648786f72e6b5534c8f4bda7fcbd0795) Importer(815301076,1909f56bfc062723c751e8b465ee728b)
Start importing Assets/Fonts/EfMxTBGk.ttf using Guid(648786f72e6b5534c8f4bda7fcbd0795) Importer(815301076,1909f56bfc062723c751e8b465ee728b)  -> (artifact id: 'd4d470184c9c70ee6159362a8421aeca') in 0.118201 seconds
  Import took 0.120320 seconds .

========================================================================
Received Import Request.
  Time since last request: 14.891425 seconds.
  path: Assets/Animations/HeadAnim.anim
  artifactKey: Guid(1bf40ce8ece2c0349ace527413fb2462) Importer(815301076,1909f56bfc062723c751e8b465ee728b)
Start importing Assets/Animations/HeadAnim.anim using Guid(1bf40ce8ece2c0349ace527413fb2462) Importer(815301076,1909f56bfc062723c751e8b465ee728b)  -> (artifact id: 'a6d3246c25300a253c70448e25e2cee5') in 0.019679 seconds
  Import took 0.021594 seconds .

========================================================================
Received Prepare
Registering precompiled user dll's ...
Registered in 0.000445 seconds.
Begin MonoManager ReloadAssembly
Native extension for WindowsStandalone target not found
Refreshing native plugins compatible for Editor in 0.23 ms, found 0 plugins.
Preloading 0 native plugins for Editor in 0.00 ms.
Invoked RoslynAnalysisRunner static constructor.
RoslynAnalysisRunner will not be running.
RoslynAnalysisRunner has terminated.
Mono: successfully reloaded assembly
- Completed reload, in  0.721 seconds
Platform modules already initialized, skipping
Switching build target platform(5) subTarget(0) extendedPlatform(0) -> platform(13) subTarget(65536) extendedPlatform(0)
Refreshing native plugins compatible for Editor in 0.18 ms, found 0 plugins.
Preloading 0 native plugins for Editor in 0.00 ms.
Unloading 1100 Unused Serialized files (Serialized files now loaded: 0)
System memory in use before: 61.2 MB.
System memory in use after: 61.3 MB.

Unloading 4 unused Assets to reduce memory usage. Loaded Objects now: 1649.
Total: 1.741200 ms (FindLiveObjects: 0.187800 ms CreateObjectMapping: 0.036200 ms MarkObjects: 1.505200 ms  DeleteObjects: 0.011200 ms)

AssetImportParameters requested are different than current active one (requested -> active):
  custom:graphics/normal-map-encoding: 01000000000000000000000000000000 -> 02000000000000000000000000000000
========================================================================
Received Import Request.
  Time since last request: 32.945051 seconds.
  path: Assets/Animations/HeadAnimOut.anim
  artifactKey: Guid(cec7eb7c004315a4490c4d65ba0f11d9) Importer(815301076,1909f56bfc062723c751e8b465ee728b)
Start importing Assets/Animations/HeadAnimOut.anim using Guid(cec7eb7c004315a4490c4d65ba0f11d9) Importer(815301076,1909f56bfc062723c751e8b465ee728b)  -> (artifact id: '0add7dc00d8db935192354966e6382c4') in 0.028195 seconds
  Import took 0.030167 seconds .

========================================================================
Received Prepare
Registering precompiled user dll's ...
Registered in 0.000407 seconds.
Begin MonoManager ReloadAssembly
Native extension for WindowsStandalone target not found
Refreshing native plugins compatible for Editor in 0.25 ms, found 0 plugins.
Preloading 0 native plugins for Editor in 0.00 ms.
Invoked RoslynAnalysisRunner static constructor.
RoslynAnalysisRunner will not be running.
RoslynAnalysisRunner has terminated.
Mono: successfully reloaded assembly
- Completed reload, in  0.727 seconds
Platform modules already initialized, skipping
Switching build target platform(5) subTarget(0) extendedPlatform(0) -> platform(13) subTarget(65536) extendedPlatform(0)
Refreshing native plugins compatible for Editor in 0.18 ms, found 0 plugins.
Preloading 0 native plugins for Editor in 0.00 ms.
Unloading 1100 Unused Serialized files (Serialized files now loaded: 0)
System memory in use before: 61.2 MB.
System memory in use after: 61.3 MB.

Unloading 4 unused Assets to reduce memory usage. Loaded Objects now: 1651.
Total: 1.825400 ms (FindLiveObjects: 0.174100 ms CreateObjectMapping: 0.039300 ms MarkObjects: 1.600700 ms  DeleteObjects: 0.010500 ms)

AssetImportParameters requested are different than current active one (requested -> active):
  custom:graphics/normal-map-encoding: 01000000000000000000000000000000 -> 02000000000000000000000000000000
========================================================================
Received Import Request.
  Time since last request: 125.889402 seconds.
  path: Assets/Animations/HeadAnim.anim
  artifactKey: Guid(1bf40ce8ece2c0349ace527413fb2462) Importer(815301076,1909f56bfc062723c751e8b465ee728b)
Start importing Assets/Animations/HeadAnim.anim using Guid(1bf40ce8ece2c0349ace527413fb2462) Importer(815301076,1909f56bfc062723c751e8b465ee728b)  -> (artifact id: '81758d799725f2b787f302f794e04d96') in 0.010431 seconds
  Import took 0.012280 seconds .

========================================================================
Received Prepare
Registering precompiled user dll's ...
Registered in 0.000438 seconds.
Begin MonoManager ReloadAssembly
Native extension for WindowsStandalone target not found
Refreshing native plugins compatible for Editor in 0.25 ms, found 0 plugins.
Preloading 0 native plugins for Editor in 0.00 ms.
Invoked RoslynAnalysisRunner static constructor.
RoslynAnalysisRunner will not be running.
RoslynAnalysisRunner has terminated.
Mono: successfully reloaded assembly
- Completed reload, in  0.723 seconds
Platform modules already initialized, skipping
Switching build target platform(5) subTarget(0) extendedPlatform(0) -> platform(13) subTarget(65536) extendedPlatform(0)
Refreshing native plugins compatible for Editor in 0.27 ms, found 0 plugins.
Preloading 0 native plugins for Editor in 0.00 ms.
Unloading 1100 Unused Serialized files (Serialized files now loaded: 0)
System memory in use before: 61.3 MB.
System memory in use after: 61.4 MB.

Unloading 4 unused Assets to reduce memory usage. Loaded Objects now: 1653.
Total: 1.785200 ms (FindLiveObjects: 0.176000 ms CreateObjectMapping: 0.036900 ms MarkObjects: 1.560000 ms  DeleteObjects: 0.011200 ms)

AssetImportParameters requested are different than current active one (requested -> active):
  custom:graphics/normal-map-encoding: 01000000000000000000000000000000 -> 02000000000000000000000000000000
========================================================================
Received Import Request.
  Time since last request: 20.060086 seconds.
  path: Assets/Animations/HeadAnim.anim
  artifactKey: Guid(1bf40ce8ece2c0349ace527413fb2462) Importer(815301076,1909f56bfc062723c751e8b465ee728b)
Start importing Assets/Animations/HeadAnim.anim using Guid(1bf40ce8ece2c0349ace527413fb2462) Importer(815301076,1909f56bfc062723c751e8b465ee728b)  -> (artifact id: '4c8fd71b56ef39899e320d78cebf3920') in 0.009796 seconds
  Import took 0.015706 seconds .

========================================================================
Received Import Request.
  Time since last request: 27.422456 seconds.
  path: Assets/Animations/HeadAnimOut.anim
  artifactKey: Guid(cec7eb7c004315a4490c4d65ba0f11d9) Importer(815301076,1909f56bfc062723c751e8b465ee728b)
Start importing Assets/Animations/HeadAnimOut.anim using Guid(cec7eb7c004315a4490c4d65ba0f11d9) Importer(815301076,1909f56bfc062723c751e8b465ee728b)  -> (artifact id: 'cf8b1194a1181fd1166e89f275ffc6f7') in 0.002259 seconds
  Import took 0.004253 seconds .

========================================================================
Received Import Request.
  Time since last request: 102.120641 seconds.
  path: Assets/Animations/Buttons/ButtonAnimation_4.controller
  artifactKey: Guid(95baffc5bd358fd42a04c689a001d798) Importer(815301076,1909f56bfc062723c751e8b465ee728b)
Start importing Assets/Animations/Buttons/ButtonAnimation_4.controller using Guid(95baffc5bd358fd42a04c689a001d798) Importer(815301076,1909f56bfc062723c751e8b465ee728b)  -> (artifact id: 'add95c2be94ea4a77ae16ae86300b46a') in 0.021940 seconds
  Import took 0.023939 seconds .

========================================================================
Received Prepare
Registering precompiled user dll's ...
Registered in 0.000437 seconds.
Begin MonoManager ReloadAssembly
Native extension for WindowsStandalone target not found
Refreshing native plugins compatible for Editor in 0.23 ms, found 0 plugins.
Preloading 0 native plugins for Editor in 0.00 ms.
Invoked RoslynAnalysisRunner static constructor.
RoslynAnalysisRunner will not be running.
RoslynAnalysisRunner has terminated.
Mono: successfully reloaded assembly
- Completed reload, in  0.724 seconds
Platform modules already initialized, skipping
Switching build target platform(5) subTarget(0) extendedPlatform(0) -> platform(13) subTarget(65536) extendedPlatform(0)
Refreshing native plugins compatible for Editor in 0.19 ms, found 0 plugins.
Preloading 0 native plugins for Editor in 0.00 ms.
Unloading 1100 Unused Serialized files (Serialized files now loaded: 0)
System memory in use before: 61.3 MB.
System memory in use after: 61.5 MB.

Unloading 4 unused Assets to reduce memory usage. Loaded Objects now: 1655.
Total: 1.833400 ms (FindLiveObjects: 0.188100 ms CreateObjectMapping: 0.034500 ms MarkObjects: 1.599800 ms  DeleteObjects: 0.010100 ms)

AssetImportParameters requested are different than current active one (requested -> active):
  custom:graphics/normal-map-encoding: 01000000000000000000000000000000 -> 02000000000000000000000000000000
========================================================================
Received Import Request.
  Time since last request: 117.414865 seconds.
  path: Assets/Animations/HeadAnim.anim
  artifactKey: Guid(1bf40ce8ece2c0349ace527413fb2462) Importer(815301076,1909f56bfc062723c751e8b465ee728b)
Start importing Assets/Animations/HeadAnim.anim using Guid(1bf40ce8ece2c0349ace527413fb2462) Importer(815301076,1909f56bfc062723c751e8b465ee728b)  -> (artifact id: '237332b5e19450078765d7c9ab36e8b5') in 0.010048 seconds
  Import took 0.011973 seconds .

========================================================================
Received Prepare
Registering precompiled user dll's ...
Registered in 0.000450 seconds.
Begin MonoManager ReloadAssembly
Native extension for WindowsStandalone target not found
Refreshing native plugins compatible for Editor in 0.24 ms, found 0 plugins.
Preloading 0 native plugins for Editor in 0.00 ms.
Invoked RoslynAnalysisRunner static constructor.
RoslynAnalysisRunner will not be running.
RoslynAnalysisRunner has terminated.
Mono: successfully reloaded assembly
- Completed reload, in  0.731 seconds
Platform modules already initialized, skipping
Switching build target platform(5) subTarget(0) extendedPlatform(0) -> platform(13) subTarget(65536) extendedPlatform(0)
Refreshing native plugins compatible for Editor in 0.16 ms, found 0 plugins.
Preloading 0 native plugins for Editor in 0.00 ms.
Unloading 1100 Unused Serialized files (Serialized files now loaded: 0)
System memory in use before: 61.5 MB.
System memory in use after: 61.6 MB.

Unloading 4 unused Assets to reduce memory usage. Loaded Objects now: 1657.
Total: 1.622300 ms (FindLiveObjects: 0.168300 ms CreateObjectMapping: 0.035600 ms MarkObjects: 1.407400 ms  DeleteObjects: 0.010100 ms)

AssetImportParameters requested are different than current active one (requested -> active):
  custom:graphics/normal-map-encoding: 01000000000000000000000000000000 -> 02000000000000000000000000000000
========================================================================
Received Import Request.
  Time since last request: 88.557866 seconds.
  path: Assets/Animations/HeadAnim.anim
  artifactKey: Guid(1bf40ce8ece2c0349ace527413fb2462) Importer(815301076,1909f56bfc062723c751e8b465ee728b)
Start importing Assets/Animations/HeadAnim.anim using Guid(1bf40ce8ece2c0349ace527413fb2462) Importer(815301076,1909f56bfc062723c751e8b465ee728b)  -> (artifact id: '1a11b8a4a1d1b74e75297ff1f19641dc') in 0.009997 seconds
  Import took 0.011695 seconds .

========================================================================
Received Prepare
Registering precompiled user dll's ...
Registered in 0.000471 seconds.
Begin MonoManager ReloadAssembly
Native extension for WindowsStandalone target not found
Refreshing native plugins compatible for Editor in 0.24 ms, found 0 plugins.
Preloading 0 native plugins for Editor in 0.00 ms.
Invoked RoslynAnalysisRunner static constructor.
RoslynAnalysisRunner will not be running.
RoslynAnalysisRunner has terminated.
Mono: successfully reloaded assembly
- Completed reload, in  0.736 seconds
Platform modules already initialized, skipping
Switching build target platform(5) subTarget(0) extendedPlatform(0) -> platform(13) subTarget(65536) extendedPlatform(0)
Refreshing native plugins compatible for Editor in 0.17 ms, found 0 plugins.
Preloading 0 native plugins for Editor in 0.00 ms.
Unloading 1100 Unused Serialized files (Serialized files now loaded: 0)
System memory in use before: 61.5 MB.
System memory in use after: 61.6 MB.

Unloading 4 unused Assets to reduce memory usage. Loaded Objects now: 1659.
Total: 1.752400 ms (FindLiveObjects: 0.177400 ms CreateObjectMapping: 0.035600 ms MarkObjects: 1.526500 ms  DeleteObjects: 0.012200 ms)

AssetImportParameters requested are different than current active one (requested -> active):
  custom:graphics/normal-map-encoding: 01000000000000000000000000000000 -> 02000000000000000000000000000000
========================================================================
Received Import Request.
  Time since last request: 32.305444 seconds.
  path: Assets/Animations/HeadAnimOut.anim
  artifactKey: Guid(cec7eb7c004315a4490c4d65ba0f11d9) Importer(815301076,1909f56bfc062723c751e8b465ee728b)
Start importing Assets/Animations/HeadAnimOut.anim using Guid(cec7eb7c004315a4490c4d65ba0f11d9) Importer(815301076,1909f56bfc062723c751e8b465ee728b)  -> (artifact id: '2db5c539b0a699a9fb35505b50040f21') in 0.010815 seconds
  Import took 0.012852 seconds .

========================================================================
Received Prepare
Registering precompiled user dll's ...
Registered in 0.000425 seconds.
Begin MonoManager ReloadAssembly
Native extension for WindowsStandalone target not found
Refreshing native plugins compatible for Editor in 0.24 ms, found 0 plugins.
Preloading 0 native plugins for Editor in 0.00 ms.
Invoked RoslynAnalysisRunner static constructor.
RoslynAnalysisRunner will not be running.
RoslynAnalysisRunner has terminated.
Mono: successfully reloaded assembly
- Completed reload, in  0.736 seconds
Platform modules already initialized, skipping
Switching build target platform(5) subTarget(0) extendedPlatform(0) -> platform(13) subTarget(65536) extendedPlatform(0)
Refreshing native plugins compatible for Editor in 0.22 ms, found 0 plugins.
Preloading 0 native plugins for Editor in 0.00 ms.
Unloading 1100 Unused Serialized files (Serialized files now loaded: 0)
System memory in use before: 61.6 MB.
System memory in use after: 61.7 MB.

Unloading 4 unused Assets to reduce memory usage. Loaded Objects now: 1661.
Total: 1.768200 ms (FindLiveObjects: 0.207400 ms CreateObjectMapping: 0.041900 ms MarkObjects: 1.506000 ms  DeleteObjects: 0.011900 ms)

AssetImportParameters requested are different than current active one (requested -> active):
  custom:graphics/normal-map-encoding: 01000000000000000000000000000000 -> 02000000000000000000000000000000
========================================================================
Received Prepare
Registering precompiled user dll's ...
Registered in 0.000460 seconds.
Begin MonoManager ReloadAssembly
Native extension for WindowsStandalone target not found
Refreshing native plugins compatible for Editor in 0.24 ms, found 0 plugins.
Preloading 0 native plugins for Editor in 0.00 ms.
Invoked RoslynAnalysisRunner static constructor.
RoslynAnalysisRunner will not be running.
RoslynAnalysisRunner has terminated.
Mono: successfully reloaded assembly
- Completed reload, in  0.758 seconds
Platform modules already initialized, skipping
Switching build target platform(5) subTarget(0) extendedPlatform(0) -> platform(13) subTarget(65536) extendedPlatform(0)
Refreshing native plugins compatible for Editor in 0.18 ms, found 0 plugins.
Preloading 0 native plugins for Editor in 0.00 ms.
Unloading 1100 Unused Serialized files (Serialized files now loaded: 0)
System memory in use before: 61.6 MB.
System memory in use after: 61.7 MB.

Unloading 4 unused Assets to reduce memory usage. Loaded Objects now: 1663.
Total: 1.665300 ms (FindLiveObjects: 0.202800 ms CreateObjectMapping: 0.035600 ms MarkObjects: 1.416100 ms  DeleteObjects: 0.009800 ms)

AssetImportParameters requested are different than current active one (requested -> active):
  custom:graphics/normal-map-encoding: 01000000000000000000000000000000 -> 02000000000000000000000000000000
========================================================================
Received Import Request.
  Time since last request: 292.982753 seconds.
  path: Assets/Animations/New Animation.anim
  artifactKey: Guid(329582f4063c88d45b270c9c119c09eb) Importer(815301076,1909f56bfc062723c751e8b465ee728b)
Start importing Assets/Animations/New Animation.anim using Guid(329582f4063c88d45b270c9c119c09eb) Importer(815301076,1909f56bfc062723c751e8b465ee728b)  -> (artifact id: 'f73360ef012f564b8e2d930f5c8d5e4b') in 0.013938 seconds
  Import took 0.015904 seconds .

========================================================================
Received Prepare
Registering precompiled user dll's ...
Registered in 0.000554 seconds.
Begin MonoManager ReloadAssembly
Native extension for WindowsStandalone target not found
Refreshing native plugins compatible for Editor in 0.24 ms, found 0 plugins.
Preloading 0 native plugins for Editor in 0.00 ms.
Invoked RoslynAnalysisRunner static constructor.
RoslynAnalysisRunner will not be running.
RoslynAnalysisRunner has terminated.
Mono: successfully reloaded assembly
- Completed reload, in  0.751 seconds
Platform modules already initialized, skipping
Switching build target platform(5) subTarget(0) extendedPlatform(0) -> platform(13) subTarget(65536) extendedPlatform(0)
Refreshing native plugins compatible for Editor in 0.15 ms, found 0 plugins.
Preloading 0 native plugins for Editor in 0.00 ms.
Unloading 1100 Unused Serialized files (Serialized files now loaded: 0)
System memory in use before: 61.7 MB.
System memory in use after: 61.8 MB.

Unloading 4 unused Assets to reduce memory usage. Loaded Objects now: 1665.
Total: 1.788500 ms (FindLiveObjects: 0.191700 ms CreateObjectMapping: 0.036300 ms MarkObjects: 1.548700 ms  DeleteObjects: 0.010900 ms)

AssetImportParameters requested are different than current active one (requested -> active):
  custom:graphics/normal-map-encoding: 01000000000000000000000000000000 -> 02000000000000000000000000000000
========================================================================
Received Import Request.
  Time since last request: 179.878434 seconds.
  path: Assets/Animations/OUT.anim
  artifactKey: Guid(ef00d7d613415b0428709b963b3b89ca) Importer(815301076,1909f56bfc062723c751e8b465ee728b)
Start importing Assets/Animations/OUT.anim using Guid(ef00d7d613415b0428709b963b3b89ca) Importer(815301076,1909f56bfc062723c751e8b465ee728b)  -> (artifact id: '42a0b3089043bafa7077ff4ddf19ba03') in 0.013188 seconds
  Import took 0.014921 seconds .

========================================================================
Received Prepare
Registering precompiled user dll's ...
Registered in 0.000444 seconds.
Begin MonoManager ReloadAssembly
Native extension for WindowsStandalone target not found
Refreshing native plugins compatible for Editor in 0.24 ms, found 0 plugins.
Preloading 0 native plugins for Editor in 0.00 ms.
Invoked RoslynAnalysisRunner static constructor.
RoslynAnalysisRunner will not be running.
RoslynAnalysisRunner has terminated.
Mono: successfully reloaded assembly
- Completed reload, in  0.759 seconds
Platform modules already initialized, skipping
Switching build target platform(5) subTarget(0) extendedPlatform(0) -> platform(13) subTarget(65536) extendedPlatform(0)
Refreshing native plugins compatible for Editor in 0.12 ms, found 0 plugins.
Preloading 0 native plugins for Editor in 0.00 ms.
Unloading 1100 Unused Serialized files (Serialized files now loaded: 0)
System memory in use before: 61.7 MB.
System memory in use after: 61.8 MB.

Unloading 4 unused Assets to reduce memory usage. Loaded Objects now: 1667.
Total: 1.751200 ms (FindLiveObjects: 0.195800 ms CreateObjectMapping: 0.036800 ms MarkObjects: 1.505800 ms  DeleteObjects: 0.011800 ms)

AssetImportParameters requested are different than current active one (requested -> active):
  custom:graphics/normal-map-encoding: 01000000000000000000000000000000 -> 02000000000000000000000000000000
========================================================================
Received Prepare
Registering precompiled user dll's ...
Registered in 0.000588 seconds.
Begin MonoManager ReloadAssembly
Native extension for WindowsStandalone target not found
Refreshing native plugins compatible for Editor in 0.24 ms, found 0 plugins.
Preloading 0 native plugins for Editor in 0.00 ms.
Invoked RoslynAnalysisRunner static constructor.
RoslynAnalysisRunner will not be running.
RoslynAnalysisRunner has terminated.
Mono: successfully reloaded assembly
- Completed reload, in  0.758 seconds
Platform modules already initialized, skipping
Switching build target platform(5) subTarget(0) extendedPlatform(0) -> platform(13) subTarget(65536) extendedPlatform(0)
Refreshing native plugins compatible for Editor in 0.19 ms, found 0 plugins.
Preloading 0 native plugins for Editor in 0.00 ms.
Unloading 1100 Unused Serialized files (Serialized files now loaded: 0)
System memory in use before: 61.8 MB.
System memory in use after: 61.9 MB.

Unloading 4 unused Assets to reduce memory usage. Loaded Objects now: 1669.
Total: 1.930400 ms (FindLiveObjects: 0.208100 ms CreateObjectMapping: 0.037900 ms MarkObjects: 1.668400 ms  DeleteObjects: 0.015000 ms)

AssetImportParameters requested are different than current active one (requested -> active):
  custom:graphics/normal-map-encoding: 01000000000000000000000000000000 -> 02000000000000000000000000000000
========================================================================
Received Import Request.
  Time since last request: 240.707385 seconds.
  path: Assets/Animations/HeadAnim.anim
  artifactKey: Guid(1bf40ce8ece2c0349ace527413fb2462) Importer(815301076,1909f56bfc062723c751e8b465ee728b)
Start importing Assets/Animations/HeadAnim.anim using Guid(1bf40ce8ece2c0349ace527413fb2462) Importer(815301076,1909f56bfc062723c751e8b465ee728b)  -> (artifact id: 'cf91a9e49671277d2c45f9f368333f40') in 0.009085 seconds
  Import took 0.010981 seconds .

========================================================================
Received Prepare
Registering precompiled user dll's ...
Registered in 0.000405 seconds.
Begin MonoManager ReloadAssembly
Native extension for WindowsStandalone target not found
Refreshing native plugins compatible for Editor in 0.24 ms, found 0 plugins.
Preloading 0 native plugins for Editor in 0.00 ms.
Invoked RoslynAnalysisRunner static constructor.
RoslynAnalysisRunner will not be running.
RoslynAnalysisRunner has terminated.
Mono: successfully reloaded assembly
- Completed reload, in  0.768 seconds
Platform modules already initialized, skipping
Switching build target platform(5) subTarget(0) extendedPlatform(0) -> platform(13) subTarget(65536) extendedPlatform(0)
Refreshing native plugins compatible for Editor in 0.21 ms, found 0 plugins.
Preloading 0 native plugins for Editor in 0.00 ms.
Unloading 1100 Unused Serialized files (Serialized files now loaded: 0)
System memory in use before: 61.8 MB.
System memory in use after: 61.9 MB.

Unloading 4 unused Assets to reduce memory usage. Loaded Objects now: 1671.
Total: 1.804800 ms (FindLiveObjects: 0.238200 ms CreateObjectMapping: 0.044300 ms MarkObjects: 1.510400 ms  DeleteObjects: 0.010600 ms)

AssetImportParameters requested are different than current active one (requested -> active):
  custom:graphics/normal-map-encoding: 01000000000000000000000000000000 -> 02000000000000000000000000000000
========================================================================
Received Import Request.
  Time since last request: 197.226022 seconds.
  path: Assets/Animations/Bubble
  artifactKey: Guid(965bd550ab3f6d344be0950b26589984) Importer(815301076,1909f56bfc062723c751e8b465ee728b)
Start importing Assets/Animations/Bubble using Guid(965bd550ab3f6d344be0950b26589984) Importer(815301076,1909f56bfc062723c751e8b465ee728b)  -> (artifact id: '14946a48885daa2439db4c271355bcbc') in 0.008324 seconds
  Import took 0.010339 seconds .

========================================================================
Received Import Request.
  Time since last request: 0.000629 seconds.
  path: Assets/Animations/Bubble
  artifactKey: Guid(965bd550ab3f6d344be0950b26589984) Importer(815301076,1909f56bfc062723c751e8b465ee728b)
Start importing Assets/Animations/Bubble using Guid(965bd550ab3f6d344be0950b26589984) Importer(815301076,1909f56bfc062723c751e8b465ee728b)  -> (artifact id: '14946a48885daa2439db4c271355bcbc') in 0.001890 seconds
  Import took 0.003518 seconds .

========================================================================
Received Import Request.
  Time since last request: 2.930859 seconds.
  path: Assets/Animations/Bubble/Bubble_Close_1.anim
  artifactKey: Guid(0f19f94ced3c7364facbf04138c2e4fd) Importer(815301076,1909f56bfc062723c751e8b465ee728b)
Start importing Assets/Animations/Bubble/Bubble_Close_1.anim using Guid(0f19f94ced3c7364facbf04138c2e4fd) Importer(815301076,1909f56bfc062723c751e8b465ee728b)  -> (artifact id: '8979ae31125215f4ad388e03169ef456') in 0.012450 seconds
  Import took 0.014372 seconds .

========================================================================
Received Import Request.
  Time since last request: 8.619443 seconds.
  path: Assets/Animations/Bubble/Bubble_Close_2.anim
  artifactKey: Guid(67b9985a912698147b360a4f996764c2) Importer(815301076,1909f56bfc062723c751e8b465ee728b)
Start importing Assets/Animations/Bubble/Bubble_Close_2.anim using Guid(67b9985a912698147b360a4f996764c2) Importer(815301076,1909f56bfc062723c751e8b465ee728b)  -> (artifact id: 'ab2545d307b06fd099f5d4553ebca712') in 0.045462 seconds
  Import took 0.047413 seconds .

========================================================================
Received Import Request.
  Time since last request: 17.757637 seconds.
  path: Assets/Animations/Buttons/ButtonAnimation_1.controller
  artifactKey: Guid(d6385a0ef6216e84eb0c1d948028c0c3) Importer(815301076,1909f56bfc062723c751e8b465ee728b)
Start importing Assets/Animations/Buttons/ButtonAnimation_1.controller using Guid(d6385a0ef6216e84eb0c1d948028c0c3) Importer(815301076,1909f56bfc062723c751e8b465ee728b)  -> (artifact id: 'f71b3c85d084368e3b5e134ebc3e2641') in 0.010114 seconds
  Import took 0.012198 seconds .

========================================================================
Received Prepare
Registering precompiled user dll's ...
Registered in 0.000443 seconds.
Begin MonoManager ReloadAssembly
Native extension for WindowsStandalone target not found
Refreshing native plugins compatible for Editor in 0.25 ms, found 0 plugins.
Preloading 0 native plugins for Editor in 0.00 ms.
Invoked RoslynAnalysisRunner static constructor.
RoslynAnalysisRunner will not be running.
RoslynAnalysisRunner has terminated.
Mono: successfully reloaded assembly
- Completed reload, in  0.773 seconds
Platform modules already initialized, skipping
Switching build target platform(5) subTarget(0) extendedPlatform(0) -> platform(13) subTarget(65536) extendedPlatform(0)
Refreshing native plugins compatible for Editor in 0.19 ms, found 0 plugins.
Preloading 0 native plugins for Editor in 0.00 ms.
Unloading 1100 Unused Serialized files (Serialized files now loaded: 0)
System memory in use before: 61.9 MB.
System memory in use after: 62.0 MB.

Unloading 4 unused Assets to reduce memory usage. Loaded Objects now: 1673.
Total: 1.773300 ms (FindLiveObjects: 0.176600 ms CreateObjectMapping: 0.035500 ms MarkObjects: 1.549500 ms  DeleteObjects: 0.010800 ms)

AssetImportParameters requested are different than current active one (requested -> active):
  custom:graphics/normal-map-encoding: 01000000000000000000000000000000 -> 02000000000000000000000000000000
========================================================================
Received Prepare
Refreshing native plugins compatible for Editor in 0.75 ms, found 0 plugins.
Preloading 0 native plugins for Editor in 0.00 ms.
Unloading 3 Unused Serialized files (Serialized files now loaded: 0)
System memory in use before: 40.6 MB.
System memory in use after: 40.7 MB.

Unloading 2 unused Assets to reduce memory usage. Loaded Objects now: 1673.
Total: 2.112800 ms (FindLiveObjects: 0.339800 ms CreateObjectMapping: 0.043700 ms MarkObjects: 1.715000 ms  DeleteObjects: 0.013100 ms)

========================================================================
Received Import Request.
  Time since last request: 1194.390674 seconds.
  path: Assets/Scripts/GameScript.cs
  artifactKey: Guid(5e6cacdefa813d14b989e3fd091db98b) Importer(815301076,1909f56bfc062723c751e8b465ee728b)
Start importing Assets/Scripts/GameScript.cs using Guid(5e6cacdefa813d14b989e3fd091db98b) Importer(815301076,1909f56bfc062723c751e8b465ee728b)  -> (artifact id: '1dfd96c1a6baa2a2d885aac096148f81') in 0.009400 seconds
  Import took 0.011377 seconds .

========================================================================
Received Prepare
Registering precompiled user dll's ...
Registered in 0.000387 seconds.
Begin MonoManager ReloadAssembly
Native extension for WindowsStandalone target not found
Refreshing native plugins compatible for Editor in 0.26 ms, found 0 plugins.
Preloading 0 native plugins for Editor in 0.00 ms.
Invoked RoslynAnalysisRunner static constructor.
RoslynAnalysisRunner will not be running.
RoslynAnalysisRunner has terminated.
Mono: successfully reloaded assembly
- Completed reload, in  0.820 seconds
Platform modules already initialized, skipping
Switching build target platform(5) subTarget(0) extendedPlatform(0) -> platform(13) subTarget(65536) extendedPlatform(0)
Refreshing native plugins compatible for Editor in 0.42 ms, found 0 plugins.
Preloading 0 native plugins for Editor in 0.00 ms.
Unloading 1100 Unused Serialized files (Serialized files now loaded: 0)
System memory in use before: 62.0 MB.
System memory in use after: 62.1 MB.

Unloading 4 unused Assets to reduce memory usage. Loaded Objects now: 1675.
Total: 1.738200 ms (FindLiveObjects: 0.196000 ms CreateObjectMapping: 0.042200 ms MarkObjects: 1.488400 ms  DeleteObjects: 0.010700 ms)

AssetImportParameters requested are different than current active one (requested -> active):
  custom:graphics/normal-map-encoding: 01000000000000000000000000000000 -> 02000000000000000000000000000000
========================================================================
Received Import Request.
  Time since last request: 102.760001 seconds.
  path: Assets/Scripts/GameScript.cs
  artifactKey: Guid(5e6cacdefa813d14b989e3fd091db98b) Importer(815301076,1909f56bfc062723c751e8b465ee728b)
Start importing Assets/Scripts/GameScript.cs using Guid(5e6cacdefa813d14b989e3fd091db98b) Importer(815301076,1909f56bfc062723c751e8b465ee728b)  -> (artifact id: 'b49828e8e4881ea53f94587b80fcffa2') in 0.004079 seconds
  Import took 0.006158 seconds .

========================================================================
Received Prepare
Registering precompiled user dll's ...
Registered in 0.000427 seconds.
Begin MonoManager ReloadAssembly
Native extension for WindowsStandalone target not found
Refreshing native plugins compatible for Editor in 0.25 ms, found 0 plugins.
Preloading 0 native plugins for Editor in 0.00 ms.
Invoked RoslynAnalysisRunner static constructor.
RoslynAnalysisRunner will not be running.
RoslynAnalysisRunner has terminated.
Mono: successfully reloaded assembly
- Completed reload, in  0.785 seconds
Platform modules already initialized, skipping
Switching build target platform(5) subTarget(0) extendedPlatform(0) -> platform(13) subTarget(65536) extendedPlatform(0)
Refreshing native plugins compatible for Editor in 0.22 ms, found 0 plugins.
Preloading 0 native plugins for Editor in 0.00 ms.
Unloading 1100 Unused Serialized files (Serialized files now loaded: 0)
System memory in use before: 62.1 MB.
System memory in use after: 62.2 MB.

Unloading 4 unused Assets to reduce memory usage. Loaded Objects now: 1677.
Total: 1.816800 ms (FindLiveObjects: 0.211300 ms CreateObjectMapping: 0.034800 ms MarkObjects: 1.555800 ms  DeleteObjects: 0.014200 ms)

AssetImportParameters requested are different than current active one (requested -> active):
  custom:graphics/normal-map-encoding: 01000000000000000000000000000000 -> 02000000000000000000000000000000
========================================================================
Received Import Request.
  Time since last request: 98.756573 seconds.
  path: Assets/Scripts/GameScript.cs
  artifactKey: Guid(5e6cacdefa813d14b989e3fd091db98b) Importer(815301076,1909f56bfc062723c751e8b465ee728b)
Start importing Assets/Scripts/GameScript.cs using Guid(5e6cacdefa813d14b989e3fd091db98b) Importer(815301076,1909f56bfc062723c751e8b465ee728b)  -> (artifact id: 'c958daaf1f2b38534041d2e17bbaa273') in 0.003693 seconds
  Import took 0.005443 seconds .

========================================================================
Received Prepare
Registering precompiled user dll's ...
Registered in 0.000460 seconds.
Begin MonoManager ReloadAssembly
Native extension for WindowsStandalone target not found
Refreshing native plugins compatible for Editor in 0.24 ms, found 0 plugins.
Preloading 0 native plugins for Editor in 0.00 ms.
Invoked RoslynAnalysisRunner static constructor.
RoslynAnalysisRunner will not be running.
RoslynAnalysisRunner has terminated.
Mono: successfully reloaded assembly
- Completed reload, in  0.793 seconds
Platform modules already initialized, skipping
Switching build target platform(5) subTarget(0) extendedPlatform(0) -> platform(13) subTarget(65536) extendedPlatform(0)
Refreshing native plugins compatible for Editor in 0.13 ms, found 0 plugins.
Preloading 0 native plugins for Editor in 0.00 ms.
Unloading 1100 Unused Serialized files (Serialized files now loaded: 0)
System memory in use before: 62.1 MB.
System memory in use after: 62.2 MB.

Unloading 4 unused Assets to reduce memory usage. Loaded Objects now: 1679.
Total: 1.607600 ms (FindLiveObjects: 0.170000 ms CreateObjectMapping: 0.035500 ms MarkObjects: 1.391300 ms  DeleteObjects: 0.010000 ms)

AssetImportParameters requested are different than current active one (requested -> active):
  custom:graphics/normal-map-encoding: 01000000000000000000000000000000 -> 02000000000000000000000000000000
========================================================================
Received Import Request.
  Time since last request: 98.654333 seconds.
  path: Assets/Scripts/GameScript.cs
  artifactKey: Guid(5e6cacdefa813d14b989e3fd091db98b) Importer(815301076,1909f56bfc062723c751e8b465ee728b)
Start importing Assets/Scripts/GameScript.cs using Guid(5e6cacdefa813d14b989e3fd091db98b) Importer(815301076,1909f56bfc062723c751e8b465ee728b)  -> (artifact id: '0292a412ecbf33d534e524d929c28257') in 0.003815 seconds
  Import took 0.005693 seconds .

========================================================================
Received Prepare
Registering precompiled user dll's ...
Registered in 0.000448 seconds.
Begin MonoManager ReloadAssembly
Native extension for WindowsStandalone target not found
Refreshing native plugins compatible for Editor in 0.23 ms, found 0 plugins.
Preloading 0 native plugins for Editor in 0.00 ms.
Invoked RoslynAnalysisRunner static constructor.
RoslynAnalysisRunner will not be running.
RoslynAnalysisRunner has terminated.
Mono: successfully reloaded assembly
- Completed reload, in  0.774 seconds
Platform modules already initialized, skipping
Switching build target platform(5) subTarget(0) extendedPlatform(0) -> platform(13) subTarget(65536) extendedPlatform(0)
Refreshing native plugins compatible for Editor in 0.15 ms, found 0 plugins.
Preloading 0 native plugins for Editor in 0.00 ms.
Unloading 1100 Unused Serialized files (Serialized files now loaded: 0)
System memory in use before: 62.2 MB.
System memory in use after: 62.3 MB.

Unloading 4 unused Assets to reduce memory usage. Loaded Objects now: 1681.
Total: 1.651200 ms (FindLiveObjects: 0.178700 ms CreateObjectMapping: 0.035300 ms MarkObjects: 1.426600 ms  DeleteObjects: 0.010100 ms)

AssetImportParameters requested are different than current active one (requested -> active):
  custom:graphics/normal-map-encoding: 01000000000000000000000000000000 -> 02000000000000000000000000000000
========================================================================
Received Prepare
Registering precompiled user dll's ...
Registered in 0.000420 seconds.
Begin MonoManager ReloadAssembly
Native extension for WindowsStandalone target not found
Refreshing native plugins compatible for Editor in 0.24 ms, found 0 plugins.
Preloading 0 native plugins for Editor in 0.00 ms.
Invoked RoslynAnalysisRunner static constructor.
RoslynAnalysisRunner will not be running.
RoslynAnalysisRunner has terminated.
Mono: successfully reloaded assembly
- Completed reload, in  0.802 seconds
Platform modules already initialized, skipping
Switching build target platform(5) subTarget(0) extendedPlatform(0) -> platform(13) subTarget(65536) extendedPlatform(0)
Refreshing native plugins compatible for Editor in 0.15 ms, found 0 plugins.
Preloading 0 native plugins for Editor in 0.00 ms.
Unloading 1100 Unused Serialized files (Serialized files now loaded: 0)
System memory in use before: 62.2 MB.
System memory in use after: 62.3 MB.

Unloading 4 unused Assets to reduce memory usage. Loaded Objects now: 1683.
Total: 1.665500 ms (FindLiveObjects: 0.185200 ms CreateObjectMapping: 0.036100 ms MarkObjects: 1.433100 ms  DeleteObjects: 0.010400 ms)

AssetImportParameters requested are different than current active one (requested -> active):
  custom:graphics/normal-map-encoding: 01000000000000000000000000000000 -> 02000000000000000000000000000000
========================================================================
Received Prepare
Refreshing native plugins compatible for Editor in 0.49 ms, found 0 plugins.
Preloading 0 native plugins for Editor in 0.00 ms.
Unloading 3 Unused Serialized files (Serialized files now loaded: 0)
System memory in use before: 39.9 MB.
System memory in use after: 40.0 MB.

Unloading 2 unused Assets to reduce memory usage. Loaded Objects now: 1683.
Total: 1.867700 ms (FindLiveObjects: 0.192200 ms CreateObjectMapping: 0.035700 ms MarkObjects: 1.627600 ms  DeleteObjects: 0.011500 ms)

========================================================================
Received Prepare
Refreshing native plugins compatible for Editor in 0.68 ms, found 0 plugins.
Preloading 0 native plugins for Editor in 0.00 ms.
Unloading 3 Unused Serialized files (Serialized files now loaded: 0)
System memory in use before: 40.0 MB.
System memory in use after: 40.1 MB.

Unloading 2 unused Assets to reduce memory usage. Loaded Objects now: 1683.
Total: 1.829200 ms (FindLiveObjects: 0.210100 ms CreateObjectMapping: 0.039600 ms MarkObjects: 1.564500 ms  DeleteObjects: 0.013800 ms)

========================================================================
Received Prepare
Refreshing native plugins compatible for Editor in 0.48 ms, found 0 plugins.
Preloading 0 native plugins for Editor in 0.00 ms.
Unloading 3 Unused Serialized files (Serialized files now loaded: 0)
System memory in use before: 40.0 MB.
System memory in use after: 40.1 MB.

Unloading 2 unused Assets to reduce memory usage. Loaded Objects now: 1683.
Total: 1.858700 ms (FindLiveObjects: 0.218800 ms CreateObjectMapping: 0.037800 ms MarkObjects: 1.589800 ms  DeleteObjects: 0.010700 ms)

========================================================================
Received Prepare
Registering precompiled user dll's ...
Registered in 0.000451 seconds.
Begin MonoManager ReloadAssembly
Native extension for WindowsStandalone target not found
Refreshing native plugins compatible for Editor in 0.30 ms, found 0 plugins.
Preloading 0 native plugins for Editor in 0.00 ms.
Invoked RoslynAnalysisRunner static constructor.
RoslynAnalysisRunner will not be running.
RoslynAnalysisRunner has terminated.
Mono: successfully reloaded assembly
- Completed reload, in  0.926 seconds
Platform modules already initialized, skipping
Switching build target platform(5) subTarget(0) extendedPlatform(0) -> platform(13) subTarget(589958) extendedPlatform(0)
Refreshing native plugins compatible for Editor in 0.34 ms, found 0 plugins.
Preloading 0 native plugins for Editor in 0.00 ms.
Unloading 1100 Unused Serialized files (Serialized files now loaded: 0)
System memory in use before: 61.5 MB.
System memory in use after: 61.6 MB.

Unloading 4 unused Assets to reduce memory usage. Loaded Objects now: 1685.
Total: 1.868100 ms (FindLiveObjects: 0.225000 ms CreateObjectMapping: 0.039000 ms MarkObjects: 1.592400 ms  DeleteObjects: 0.010800 ms)

AssetImportParameters requested are different than current active one (requested -> active):
  custom:graphics/normal-map-encoding: 01000000000000000000000000000000 -> 02000000000000000000000000000000
========================================================================
Received Prepare
Registering precompiled user dll's ...
Registered in 0.000645 seconds.
Begin MonoManager ReloadAssembly
Native extension for WindowsStandalone target not found
Refreshing native plugins compatible for Editor in 0.25 ms, found 0 plugins.
Preloading 0 native plugins for Editor in 0.00 ms.
Invoked RoslynAnalysisRunner static constructor.
RoslynAnalysisRunner will not be running.
RoslynAnalysisRunner has terminated.
Mono: successfully reloaded assembly
- Completed reload, in  0.872 seconds
Platform modules already initialized, skipping
Switching build target platform(5) subTarget(0) extendedPlatform(0) -> platform(13) subTarget(589958) extendedPlatform(0)
Refreshing native plugins compatible for Editor in 0.25 ms, found 0 plugins.
Preloading 0 native plugins for Editor in 0.00 ms.
Unloading 1100 Unused Serialized files (Serialized files now loaded: 0)
System memory in use before: 61.5 MB.
System memory in use after: 61.6 MB.

Unloading 4 unused Assets to reduce memory usage. Loaded Objects now: 1687.
Total: 1.874700 ms (FindLiveObjects: 0.222100 ms CreateObjectMapping: 0.039000 ms MarkObjects: 1.601600 ms  DeleteObjects: 0.010600 ms)

AssetImportParameters requested are different than current active one (requested -> active):
  custom:graphics/normal-map-encoding: 01000000000000000000000000000000 -> 02000000000000000000000000000000
AssetImportWorkerClient::OnTransportError - code=2 error=End of file
